<?xml version="1.0" encoding="UTF-8"?>
<!-- Generated by org.testng.reporters.JUnitXMLReporter -->
<testsuite ignored="0" hostname="DESKTOP-9GTGQUI" failures="0" tests="1" name="Default test(failed)(failed)(failed)(failed)" time="0.107" errors="0" timestamp="2025-12-02T20:49:09 IST">
  <testcase classname="testBase.BaseClass" name="@BeforeClass setup" time="-1.764688748987E9">
    <failure type="org.testng.TestNGException" message="
Parameter &amp;apos;browser&amp;apos; is required by BeforeClass on method setup but has not been marked @Optional or defined
in C:\Workspaces\SeleniumTest1\SeleniumAutomationTestNG\test-output\testng-failed.xml">
      <![CDATA[org.testng.TestNGException: 
Parameter 'browser' is required by BeforeClass on method setup but has not been marked @Optional or defined
in C:\Workspaces\SeleniumTest1\SeleniumAutomationTestNG\test-output\testng-failed.xml
at java.base/java.util.ArrayList.forEach(ArrayList.java:1597)
... Removed 22 stack frames]]>
    </failure>
  </testcase> <!-- @BeforeClass setup -->
  <testcase classname="testBase.BaseClass" name="@AfterClass tearDown" time="0.0">
    <skipped/>
  </testcase> <!-- @AfterClass tearDown -->
  <testcase classname="testCases.TS07_TC01_ViewCartAndCheckout" name="verify_viewcartandcheckout" time="0.0">
    <skipped/>
  </testcase> <!-- verify_viewcartandcheckout -->
</testsuite> <!-- Default test(failed)(failed)(failed)(failed) -->
