<?xml version="1.0" encoding="UTF-8"?>
<!-- Generated by org.testng.reporters.JUnitXMLReporter -->
<testsuite ignored="0" hostname="DESKTOP-9GTGQUI" failures="1" tests="1" name="Test(failed)" time="41.958" errors="0" timestamp="2025-12-02T20:39:08 IST">
  <testcase classname="testCases.TS07_TC01_ViewCartAndCheckout" name="verify_viewcartandcheckout" time="35.681">
    <failure type="java.lang.AssertionError" message="The following asserts failed:
	Verify if Cart is empty expected [true] but found [false],
	expected [true] but found [false],
	expected [rust red linen saree] but found [beautiful peacock blue cotton linen saree],
	expected [rs. 3500] but found [rs. 5000],
	expected [rs. 3500] but found [rs. 12500]">
      <![CDATA[java.lang.AssertionError: The following asserts failed:
Verify if Cart is empty expected [true] but found [false],
expected [true] but found [false],
expected [rust red linen saree] but found [beautiful peacock blue cotton linen saree],
expected [rs. 3500] but found [rs. 5000],
expected [rs. 3500] but found [rs. 12500]
at testCases.TS07_TC01_ViewCartAndCheckout.verify_viewcartandcheckout(TS07_TC01_ViewCartAndCheckout.java:106)
at java.base/java.util.ArrayList.forEach(ArrayList.java:1597)
... Removed 27 stack frames]]>
    </failure>
  </testcase> <!-- verify_viewcartandcheckout -->
</testsuite> <!-- Test(failed) -->
