<?xml version="1.0" encoding="UTF-8"?>
<testng-results ignored="0" total="1" passed="1" failed="0" skipped="0">
  <reporter-output>
  </reporter-output>
  <suite started-at="2025-12-06T11:24:18 IST" name="Master Suite" finished-at="2025-12-06T11:28:52 IST" duration-ms="273869">
    <groups>
      <group name="Master">
        <method signature="TS01_TC01_SignUpAndDeleteAccount.verify_signUp()[pri:0, instance:testCases.TS01_TC01_SignUpAndDeleteAccount@50468873]" name="verify_signUp" class="testCases.TS01_TC01_SignUpAndDeleteAccount"/>
      </group> <!-- Master -->
      <group name="Sanity">
        <method signature="TS01_TC01_SignUpAndDeleteAccount.verify_signUp()[pri:0, instance:testCases.TS01_TC01_SignUpAndDeleteAccount@50468873]" name="verify_signUp" class="testCases.TS01_TC01_SignUpAndDeleteAccount"/>
      </group> <!-- Sanity -->
    </groups>
    <test started-at="2025-12-06T11:24:18 IST" name="Test" finished-at="2025-12-06T11:28:52 IST" duration-ms="273869">
      <class name="testCases.TS01_TC01_SignUpAndDeleteAccount">
        <test-method is-config="true" signature="setup(java.lang.String,java.lang.String)[pri:0, instance:testCases.TS01_TC01_SignUpAndDeleteAccount@50468873]" started-at="2025-12-06T11:24:19 IST" name="setup" finished-at="2025-12-06T11:27:07 IST" duration-ms="168334" status="PASS">
          <params>
            <param index="0">
              <value>
                <![CDATA[chrome]]>
              </value>
            </param>
            <param index="1">
              <value>
                <![CDATA[windows]]>
              </value>
            </param>
          </params>
          <reporter-output>
          </reporter-output>
        </test-method> <!-- setup -->
        <test-method signature="verify_signUp()[pri:0, instance:testCases.TS01_TC01_SignUpAndDeleteAccount@50468873]" started-at="2025-12-06T11:27:07 IST" name="verify_signUp" finished-at="2025-12-06T11:28:52 IST" duration-ms="104488" status="PASS">
          <reporter-output>
          </reporter-output>
        </test-method> <!-- verify_signUp -->
        <test-method is-config="true" signature="tearDown()[pri:0, instance:testCases.TS01_TC01_SignUpAndDeleteAccount@50468873]" started-at="2025-12-06T11:28:52 IST" name="tearDown" finished-at="2025-12-06T11:28:52 IST" duration-ms="519" status="PASS">
          <reporter-output>
          </reporter-output>
        </test-method> <!-- tearDown -->
      </class> <!-- testCases.TS01_TC01_SignUpAndDeleteAccount -->
    </test> <!-- Test -->
  </suite> <!-- Master Suite -->
</testng-results>
