<?xml version="1.0" encoding="UTF-8"?>
<!-- Generated by org.testng.reporters.JUnitXMLReporter -->
<testsuite ignored="0" hostname="DESKTOP-9GTGQUI" failures="1" tests="1" name="Test(failed)(failed)(failed)" time="44.217" errors="0" timestamp="2025-12-02T20:43:20 IST">
  <testcase classname="testCases.TS07_TC01_ViewCartAndCheckout" name="verify_viewcartandcheckout" time="38.195">
    <failure type="java.lang.AssertionError" message="null">
      <![CDATA[java.lang.AssertionError: null
at testCases.TS07_TC01_ViewCartAndCheckout.verify_viewcartandcheckout(TS07_TC01_ViewCartAndCheckout.java:111)
at java.base/java.util.ArrayList.forEach(ArrayList.java:1597)
... Removed 27 stack frames]]>
    </failure>
  </testcase> <!-- verify_viewcartandcheckout -->
</testsuite> <!-- Test(failed)(failed)(failed) -->
